{"C:\\Users\\onsbe\\Unittestmerge\\BlogMitDashboard\\api\\post\\controllers\\comment.controller.js": {"path":"C:\\Users\\onsbe\\Unittestmerge\\BlogMitDashboard\\api\\post\\controllers\\comment.controller.js","statementMap":{"0":{"start":{"line":4,"column":29},"end":{"line":23,"column":1}},"1":{"start":{"line":5,"column":2},"end":{"line":22,"column":3}},"2":{"start":{"line":6,"column":40},"end":{"line":6,"column":48}},"3":{"start":{"line":8,"column":4},"end":{"line":10,"column":5}},"4":{"start":{"line":9,"column":6},"end":{"line":9,"column":95}},"5":{"start":{"line":11,"column":23},"end":{"line":15,"column":6}},"6":{"start":{"line":16,"column":4},"end":{"line":16,"column":28}},"7":{"start":{"line":18,"column":4},"end":{"line":18,"column":37}},"8":{"start":{"line":21,"column":4},"end":{"line":21,"column":16}},"9":{"start":{"line":25,"column":31},"end":{"line":32,"column":1}},"10":{"start":{"line":26,"column":2},"end":{"line":31,"column":3}},"11":{"start":{"line":27,"column":21},"end":{"line":27,"column":94}},"12":{"start":{"line":28,"column":4},"end":{"line":28,"column":35}},"13":{"start":{"line":30,"column":4},"end":{"line":30,"column":16}},"14":{"start":{"line":34,"column":27},"end":{"line":53,"column":1}},"15":{"start":{"line":35,"column":2},"end":{"line":52,"column":3}},"16":{"start":{"line":36,"column":20},"end":{"line":36,"column":64}},"17":{"start":{"line":37,"column":4},"end":{"line":39,"column":5}},"18":{"start":{"line":38,"column":6},"end":{"line":38,"column":71}},"19":{"start":{"line":40,"column":22},"end":{"line":40,"column":56}},"20":{"start":{"line":41,"column":4},"end":{"line":47,"column":5}},"21":{"start":{"line":42,"column":6},"end":{"line":42,"column":33}},"22":{"start":{"line":43,"column":6},"end":{"line":43,"column":38}},"23":{"start":{"line":45,"column":6},"end":{"line":45,"column":33}},"24":{"start":{"line":46,"column":6},"end":{"line":46,"column":41}},"25":{"start":{"line":48,"column":4},"end":{"line":48,"column":25}},"26":{"start":{"line":49,"column":4},"end":{"line":49,"column":34}},"27":{"start":{"line":51,"column":4},"end":{"line":51,"column":16}},"28":{"start":{"line":55,"column":27},"end":{"line":75,"column":1}},"29":{"start":{"line":56,"column":2},"end":{"line":74,"column":3}},"30":{"start":{"line":57,"column":20},"end":{"line":57,"column":64}},"31":{"start":{"line":58,"column":4},"end":{"line":60,"column":5}},"32":{"start":{"line":59,"column":6},"end":{"line":59,"column":71}},"33":{"start":{"line":61,"column":4},"end":{"line":63,"column":5}},"34":{"start":{"line":62,"column":6},"end":{"line":62,"column":97}},"35":{"start":{"line":64,"column":26},"end":{"line":70,"column":5}},"36":{"start":{"line":71,"column":4},"end":{"line":71,"column":40}},"37":{"start":{"line":73,"column":4},"end":{"line":73,"column":16}},"38":{"start":{"line":77,"column":29},"end":{"line":91,"column":1}},"39":{"start":{"line":78,"column":2},"end":{"line":90,"column":3}},"40":{"start":{"line":79,"column":20},"end":{"line":79,"column":64}},"41":{"start":{"line":80,"column":4},"end":{"line":82,"column":5}},"42":{"start":{"line":81,"column":6},"end":{"line":81,"column":71}},"43":{"start":{"line":83,"column":4},"end":{"line":85,"column":5}},"44":{"start":{"line":84,"column":6},"end":{"line":84,"column":94}},"45":{"start":{"line":86,"column":4},"end":{"line":86,"column":58}},"46":{"start":{"line":87,"column":4},"end":{"line":87,"column":53}},"47":{"start":{"line":89,"column":4},"end":{"line":89,"column":16}},"48":{"start":{"line":93,"column":27},"end":{"line":113,"column":1}},"49":{"start":{"line":94,"column":2},"end":{"line":95,"column":87}},"50":{"start":{"line":95,"column":4},"end":{"line":95,"column":87}},"51":{"start":{"line":96,"column":2},"end":{"line":112,"column":3}},"52":{"start":{"line":97,"column":23},"end":{"line":97,"column":58}},"53":{"start":{"line":98,"column":18},"end":{"line":98,"column":48}},"54":{"start":{"line":99,"column":26},"end":{"line":99,"column":59}},"55":{"start":{"line":100,"column":21},"end":{"line":104,"column":25}},"56":{"start":{"line":105,"column":26},"end":{"line":105,"column":56}},"57":{"start":{"line":106,"column":16},"end":{"line":106,"column":26}},"58":{"start":{"line":107,"column":24},"end":{"line":107,"column":86}},"59":{"start":{"line":108,"column":30},"end":{"line":108,"column":96}},"60":{"start":{"line":109,"column":4},"end":{"line":109,"column":73}},"61":{"start":{"line":111,"column":4},"end":{"line":111,"column":16}}},"fnMap":{"0":{"name":"(anonymous_0)","decl":{"start":{"line":4,"column":29},"end":{"line":4,"column":30}},"loc":{"start":{"line":4,"column":55},"end":{"line":23,"column":1}},"line":4},"1":{"name":"(anonymous_1)","decl":{"start":{"line":25,"column":31},"end":{"line":25,"column":32}},"loc":{"start":{"line":25,"column":57},"end":{"line":32,"column":1}},"line":25},"2":{"name":"(anonymous_2)","decl":{"start":{"line":34,"column":27},"end":{"line":34,"column":28}},"loc":{"start":{"line":34,"column":53},"end":{"line":53,"column":1}},"line":34},"3":{"name":"(anonymous_3)","decl":{"start":{"line":55,"column":27},"end":{"line":55,"column":28}},"loc":{"start":{"line":55,"column":53},"end":{"line":75,"column":1}},"line":55},"4":{"name":"(anonymous_4)","decl":{"start":{"line":77,"column":29},"end":{"line":77,"column":30}},"loc":{"start":{"line":77,"column":55},"end":{"line":91,"column":1}},"line":77},"5":{"name":"(anonymous_5)","decl":{"start":{"line":93,"column":27},"end":{"line":93,"column":28}},"loc":{"start":{"line":93,"column":53},"end":{"line":113,"column":1}},"line":93}},"branchMap":{"0":{"loc":{"start":{"line":8,"column":4},"end":{"line":10,"column":5}},"type":"if","locations":[{"start":{"line":8,"column":4},"end":{"line":10,"column":5}},{"start":{},"end":{}}],"line":8},"1":{"loc":{"start":{"line":37,"column":4},"end":{"line":39,"column":5}},"type":"if","locations":[{"start":{"line":37,"column":4},"end":{"line":39,"column":5}},{"start":{},"end":{}}],"line":37},"2":{"loc":{"start":{"line":41,"column":4},"end":{"line":47,"column":5}},"type":"if","locations":[{"start":{"line":41,"column":4},"end":{"line":47,"column":5}},{"start":{"line":44,"column":11},"end":{"line":47,"column":5}}],"line":41},"3":{"loc":{"start":{"line":58,"column":4},"end":{"line":60,"column":5}},"type":"if","locations":[{"start":{"line":58,"column":4},"end":{"line":60,"column":5}},{"start":{},"end":{}}],"line":58},"4":{"loc":{"start":{"line":61,"column":4},"end":{"line":63,"column":5}},"type":"if","locations":[{"start":{"line":61,"column":4},"end":{"line":63,"column":5}},{"start":{},"end":{}}],"line":61},"5":{"loc":{"start":{"line":61,"column":8},"end":{"line":61,"column":59}},"type":"binary-expr","locations":[{"start":{"line":61,"column":8},"end":{"line":61,"column":38}},{"start":{"line":61,"column":42},"end":{"line":61,"column":59}}],"line":61},"6":{"loc":{"start":{"line":80,"column":4},"end":{"line":82,"column":5}},"type":"if","locations":[{"start":{"line":80,"column":4},"end":{"line":82,"column":5}},{"start":{},"end":{}}],"line":80},"7":{"loc":{"start":{"line":83,"column":4},"end":{"line":85,"column":5}},"type":"if","locations":[{"start":{"line":83,"column":4},"end":{"line":85,"column":5}},{"start":{},"end":{}}],"line":83},"8":{"loc":{"start":{"line":83,"column":8},"end":{"line":83,"column":59}},"type":"binary-expr","locations":[{"start":{"line":83,"column":8},"end":{"line":83,"column":38}},{"start":{"line":83,"column":42},"end":{"line":83,"column":59}}],"line":83},"9":{"loc":{"start":{"line":94,"column":2},"end":{"line":95,"column":87}},"type":"if","locations":[{"start":{"line":94,"column":2},"end":{"line":95,"column":87}},{"start":{},"end":{}}],"line":94},"10":{"loc":{"start":{"line":97,"column":23},"end":{"line":97,"column":58}},"type":"binary-expr","locations":[{"start":{"line":97,"column":23},"end":{"line":97,"column":53}},{"start":{"line":97,"column":57},"end":{"line":97,"column":58}}],"line":97},"11":{"loc":{"start":{"line":98,"column":18},"end":{"line":98,"column":48}},"type":"binary-expr","locations":[{"start":{"line":98,"column":18},"end":{"line":98,"column":43}},{"start":{"line":98,"column":47},"end":{"line":98,"column":48}}],"line":98},"12":{"loc":{"start":{"line":99,"column":26},"end":{"line":99,"column":59}},"type":"cond-expr","locations":[{"start":{"line":99,"column":53},"end":{"line":99,"column":55}},{"start":{"line":99,"column":58},"end":{"line":99,"column":59}}],"line":99}},"s":{"0":1,"1":1,"2":1,"3":1,"4":0,"5":1,"6":1,"7":1,"8":0,"9":1,"10":1,"11":1,"12":0,"13":1,"14":1,"15":1,"16":1,"17":1,"18":0,"19":1,"20":1,"21":1,"22":1,"23":0,"24":0,"25":1,"26":1,"27":0,"28":1,"29":3,"30":3,"31":3,"32":1,"33":2,"34":1,"35":1,"36":1,"37":0,"38":1,"39":3,"40":3,"41":3,"42":1,"43":2,"44":1,"45":1,"46":1,"47":0,"48":1,"49":2,"50":1,"51":1,"52":1,"53":1,"54":1,"55":1,"56":0,"57":0,"58":0,"59":0,"60":0,"61":1},"f":{"0":1,"1":1,"2":1,"3":3,"4":3,"5":2},"b":{"0":[0,1],"1":[0,1],"2":[1,0],"3":[1,2],"4":[1,1],"5":[2,1],"6":[1,2],"7":[1,1],"8":[2,1],"9":[1,1],"10":[1,1],"11":[1,0],"12":[1,0]},"_coverageSchema":"1a1c01bbd47fc00a2c39e90264f33305004495a9","hash":"60c1f54c8b55a5451ec90b626afd3561d6c399fd"}
,"C:\\Users\\onsbe\\Unittestmerge\\BlogMitDashboard\\api\\post\\controllers\\post.controller.js": {"path":"C:\\Users\\onsbe\\Unittestmerge\\BlogMitDashboard\\api\\post\\controllers\\post.controller.js","statementMap":{"0":{"start":{"line":4,"column":22},"end":{"line":27,"column":1}},"1":{"start":{"line":5,"column":2},"end":{"line":7,"column":3}},"2":{"start":{"line":6,"column":4},"end":{"line":6,"column":91}},"3":{"start":{"line":8,"column":2},"end":{"line":10,"column":3}},"4":{"start":{"line":9,"column":4},"end":{"line":9,"column":67}},"5":{"start":{"line":11,"column":15},"end":{"line":15,"column":34}},"6":{"start":{"line":16,"column":18},"end":{"line":20,"column":4}},"7":{"start":{"line":21,"column":2},"end":{"line":26,"column":3}},"8":{"start":{"line":22,"column":22},"end":{"line":22,"column":42}},"9":{"start":{"line":23,"column":4},"end":{"line":23,"column":36}},"10":{"start":{"line":25,"column":4},"end":{"line":25,"column":16}},"11":{"start":{"line":29,"column":24},"end":{"line":72,"column":1}},"12":{"start":{"line":30,"column":2},"end":{"line":71,"column":3}},"13":{"start":{"line":31,"column":23},"end":{"line":31,"column":58}},"14":{"start":{"line":32,"column":18},"end":{"line":32,"column":48}},"15":{"start":{"line":33,"column":26},"end":{"line":33,"column":60}},"16":{"start":{"line":34,"column":18},"end":{"line":48,"column":19}},"17":{"start":{"line":50,"column":23},"end":{"line":50,"column":50}},"18":{"start":{"line":52,"column":16},"end":{"line":52,"column":26}},"19":{"start":{"line":54,"column":24},"end":{"line":58,"column":5}},"20":{"start":{"line":60,"column":27},"end":{"line":62,"column":6}},"21":{"start":{"line":64,"column":4},"end":{"line":68,"column":7}},"22":{"start":{"line":70,"column":4},"end":{"line":70,"column":16}},"23":{"start":{"line":74,"column":26},"end":{"line":84,"column":1}},"24":{"start":{"line":75,"column":2},"end":{"line":77,"column":3}},"25":{"start":{"line":76,"column":4},"end":{"line":76,"column":90}},"26":{"start":{"line":78,"column":2},"end":{"line":83,"column":3}},"27":{"start":{"line":79,"column":4},"end":{"line":79,"column":52}},"28":{"start":{"line":80,"column":4},"end":{"line":80,"column":51}},"29":{"start":{"line":82,"column":4},"end":{"line":82,"column":16}},"30":{"start":{"line":86,"column":26},"end":{"line":107,"column":1}},"31":{"start":{"line":87,"column":2},"end":{"line":89,"column":3}},"32":{"start":{"line":88,"column":4},"end":{"line":88,"column":93}},"33":{"start":{"line":90,"column":2},"end":{"line":106,"column":3}},"34":{"start":{"line":91,"column":24},"end":{"line":102,"column":5}},"35":{"start":{"line":103,"column":4},"end":{"line":103,"column":38}},"36":{"start":{"line":105,"column":4},"end":{"line":105,"column":16}}},"fnMap":{"0":{"name":"(anonymous_0)","decl":{"start":{"line":4,"column":22},"end":{"line":4,"column":23}},"loc":{"start":{"line":4,"column":48},"end":{"line":27,"column":1}},"line":4},"1":{"name":"(anonymous_1)","decl":{"start":{"line":29,"column":24},"end":{"line":29,"column":25}},"loc":{"start":{"line":29,"column":50},"end":{"line":72,"column":1}},"line":29},"2":{"name":"(anonymous_2)","decl":{"start":{"line":74,"column":26},"end":{"line":74,"column":27}},"loc":{"start":{"line":74,"column":52},"end":{"line":84,"column":1}},"line":74},"3":{"name":"(anonymous_3)","decl":{"start":{"line":86,"column":26},"end":{"line":86,"column":27}},"loc":{"start":{"line":86,"column":52},"end":{"line":107,"column":1}},"line":86}},"branchMap":{"0":{"loc":{"start":{"line":5,"column":2},"end":{"line":7,"column":3}},"type":"if","locations":[{"start":{"line":5,"column":2},"end":{"line":7,"column":3}},{"start":{},"end":{}}],"line":5},"1":{"loc":{"start":{"line":8,"column":2},"end":{"line":10,"column":3}},"type":"if","locations":[{"start":{"line":8,"column":2},"end":{"line":10,"column":3}},{"start":{},"end":{}}],"line":8},"2":{"loc":{"start":{"line":8,"column":6},"end":{"line":8,"column":42}},"type":"binary-expr","locations":[{"start":{"line":8,"column":6},"end":{"line":8,"column":21}},{"start":{"line":8,"column":25},"end":{"line":8,"column":42}}],"line":8},"3":{"loc":{"start":{"line":31,"column":23},"end":{"line":31,"column":58}},"type":"binary-expr","locations":[{"start":{"line":31,"column":23},"end":{"line":31,"column":53}},{"start":{"line":31,"column":57},"end":{"line":31,"column":58}}],"line":31},"4":{"loc":{"start":{"line":32,"column":18},"end":{"line":32,"column":48}},"type":"binary-expr","locations":[{"start":{"line":32,"column":18},"end":{"line":32,"column":43}},{"start":{"line":32,"column":47},"end":{"line":32,"column":48}}],"line":32},"5":{"loc":{"start":{"line":33,"column":26},"end":{"line":33,"column":60}},"type":"cond-expr","locations":[{"start":{"line":33,"column":54},"end":{"line":33,"column":55}},{"start":{"line":33,"column":58},"end":{"line":33,"column":60}}],"line":33},"6":{"loc":{"start":{"line":35,"column":10},"end":{"line":35,"column":58}},"type":"binary-expr","locations":[{"start":{"line":35,"column":10},"end":{"line":35,"column":26}},{"start":{"line":35,"column":30},"end":{"line":35,"column":58}}],"line":35},"7":{"loc":{"start":{"line":36,"column":10},"end":{"line":36,"column":64}},"type":"binary-expr","locations":[{"start":{"line":36,"column":10},"end":{"line":36,"column":28}},{"start":{"line":36,"column":32},"end":{"line":36,"column":64}}],"line":36},"8":{"loc":{"start":{"line":37,"column":10},"end":{"line":37,"column":52}},"type":"binary-expr","locations":[{"start":{"line":37,"column":10},"end":{"line":37,"column":24}},{"start":{"line":37,"column":28},"end":{"line":37,"column":52}}],"line":37},"9":{"loc":{"start":{"line":38,"column":10},"end":{"line":38,"column":55}},"type":"binary-expr","locations":[{"start":{"line":38,"column":10},"end":{"line":38,"column":26}},{"start":{"line":38,"column":30},"end":{"line":38,"column":55}}],"line":38},"10":{"loc":{"start":{"line":39,"column":10},"end":{"line":44,"column":7}},"type":"binary-expr","locations":[{"start":{"line":39,"column":10},"end":{"line":39,"column":30}},{"start":{"line":39,"column":34},"end":{"line":44,"column":7}}],"line":39},"11":{"loc":{"start":{"line":75,"column":2},"end":{"line":77,"column":3}},"type":"if","locations":[{"start":{"line":75,"column":2},"end":{"line":77,"column":3}},{"start":{},"end":{}}],"line":75},"12":{"loc":{"start":{"line":75,"column":6},"end":{"line":75,"column":60}},"type":"binary-expr","locations":[{"start":{"line":75,"column":6},"end":{"line":75,"column":23}},{"start":{"line":75,"column":27},"end":{"line":75,"column":60}}],"line":75},"13":{"loc":{"start":{"line":87,"column":2},"end":{"line":89,"column":3}},"type":"if","locations":[{"start":{"line":87,"column":2},"end":{"line":89,"column":3}},{"start":{},"end":{}}],"line":87},"14":{"loc":{"start":{"line":87,"column":6},"end":{"line":87,"column":60}},"type":"binary-expr","locations":[{"start":{"line":87,"column":6},"end":{"line":87,"column":23}},{"start":{"line":87,"column":27},"end":{"line":87,"column":60}}],"line":87}},"s":{"0":1,"1":3,"2":1,"3":2,"4":1,"5":1,"6":1,"7":1,"8":1,"9":1,"10":0,"11":1,"12":1,"13":1,"14":1,"15":1,"16":1,"17":0,"18":0,"19":0,"20":0,"21":0,"22":1,"23":1,"24":5,"25":5,"26":0,"27":0,"28":0,"29":0,"30":1,"31":1,"32":1,"33":0,"34":0,"35":0,"36":0},"f":{"0":3,"1":1,"2":5,"3":1},"b":{"0":[1,2],"1":[1,1],"2":[2,1],"3":[1,1],"4":[1,0],"5":[1,0],"6":[1,1],"7":[1,1],"8":[1,0],"9":[1,0],"10":[1,0],"11":[5,0],"12":[5,3],"13":[1,0],"14":[1,0]},"_coverageSchema":"1a1c01bbd47fc00a2c39e90264f33305004495a9","hash":"e244525ec006ec41c4e34069add14a8abe566b99"}
,"C:\\Users\\onsbe\\Unittestmerge\\BlogMitDashboard\\api\\post\\models\\comment.model.js": {"path":"C:\\Users\\onsbe\\Unittestmerge\\BlogMitDashboard\\api\\post\\models\\comment.model.js","statementMap":{"0":{"start":{"line":3,"column":22},"end":{"line":27,"column":1}},"1":{"start":{"line":29,"column":16},"end":{"line":29,"column":56}}},"fnMap":{},"branchMap":{},"s":{"0":1,"1":1},"f":{},"b":{},"_coverageSchema":"1a1c01bbd47fc00a2c39e90264f33305004495a9","hash":"982c7ae90dd862706fb48b9d9df1ef6ec5ff4f4c"}
,"C:\\Users\\onsbe\\Unittestmerge\\BlogMitDashboard\\api\\post\\models\\post.model.js": {"path":"C:\\Users\\onsbe\\Unittestmerge\\BlogMitDashboard\\api\\post\\models\\post.model.js","statementMap":{"0":{"start":{"line":3,"column":19},"end":{"line":30,"column":22}},"1":{"start":{"line":32,"column":13},"end":{"line":32,"column":47}}},"fnMap":{},"branchMap":{},"s":{"0":1,"1":1},"f":{},"b":{},"_coverageSchema":"1a1c01bbd47fc00a2c39e90264f33305004495a9","hash":"69fb17f11a793c97d487936cc5a71b4f7623458f"}
,"C:\\Users\\onsbe\\Unittestmerge\\BlogMitDashboard\\api\\post\\utils\\error.js": {"path":"C:\\Users\\onsbe\\Unittestmerge\\BlogMitDashboard\\api\\post\\utils\\error.js","statementMap":{"0":{"start":{"line":1,"column":28},"end":{"line":6,"column":3}},"1":{"start":{"line":2,"column":17},"end":{"line":2,"column":28}},"2":{"start":{"line":3,"column":4},"end":{"line":3,"column":34}},"3":{"start":{"line":4,"column":4},"end":{"line":4,"column":28}},"4":{"start":{"line":5,"column":4},"end":{"line":5,"column":17}}},"fnMap":{"0":{"name":"(anonymous_0)","decl":{"start":{"line":1,"column":28},"end":{"line":1,"column":29}},"loc":{"start":{"line":1,"column":53},"end":{"line":6,"column":3}},"line":1}},"branchMap":{},"s":{"0":2,"1":23,"2":23,"3":23,"4":23},"f":{"0":23},"b":{},"_coverageSchema":"1a1c01bbd47fc00a2c39e90264f33305004495a9","hash":"60de48a0e4cbbbe12a445d06aa358d68e32f9643"}
}
