TN:
SF:controllers\comment.controller.js
FN:4,(anonymous_0)
FN:25,(anonymous_1)
FN:34,(anonymous_2)
FN:55,(anonymous_3)
FN:77,(anonymous_4)
FN:93,(anonymous_5)
FNF:6
FNH:6
FNDA:1,(anonymous_0)
FNDA:1,(anonymous_1)
FNDA:1,(anonymous_2)
FNDA:3,(anonymous_3)
FNDA:3,(anonymous_4)
FNDA:2,(anonymous_5)
DA:4,1
DA:5,1
DA:6,1
DA:8,1
DA:9,0
DA:11,1
DA:16,1
DA:18,1
DA:21,0
DA:25,1
DA:26,1
DA:27,1
DA:28,0
DA:30,1
DA:34,1
DA:35,1
DA:36,1
DA:37,1
DA:38,0
DA:40,1
DA:41,1
DA:42,1
DA:43,1
DA:45,0
DA:46,0
DA:48,1
DA:49,1
DA:51,0
DA:55,1
DA:56,3
DA:57,3
DA:58,3
DA:59,1
DA:61,2
DA:62,1
DA:64,1
DA:71,1
DA:73,0
DA:77,1
DA:78,3
DA:79,3
DA:80,3
DA:81,1
DA:83,2
DA:84,1
DA:86,1
DA:87,1
DA:89,0
DA:93,1
DA:94,2
DA:95,1
DA:96,1
DA:97,1
DA:98,1
DA:99,1
DA:100,1
DA:105,0
DA:106,0
DA:107,0
DA:108,0
DA:109,0
DA:111,1
LF:62
LH:48
BRDA:8,0,0,0
BRDA:8,0,1,1
BRDA:37,1,0,0
BRDA:37,1,1,1
BRDA:41,2,0,1
BRDA:41,2,1,0
BRDA:58,3,0,1
BRDA:58,3,1,2
BRDA:61,4,0,1
BRDA:61,4,1,1
BRDA:61,5,0,2
BRDA:61,5,1,1
BRDA:80,6,0,1
BRDA:80,6,1,2
BRDA:83,7,0,1
BRDA:83,7,1,1
BRDA:83,8,0,2
BRDA:83,8,1,1
BRDA:94,9,0,1
BRDA:94,9,1,1
BRDA:97,10,0,1
BRDA:97,10,1,1
BRDA:98,11,0,1
BRDA:98,11,1,0
BRDA:99,12,0,1
BRDA:99,12,1,0
BRF:26
BRH:21
end_of_record
TN:
SF:controllers\post.controller.js
FN:4,(anonymous_0)
FN:29,(anonymous_1)
FN:74,(anonymous_2)
FN:86,(anonymous_3)
FNF:4
FNH:4
FNDA:3,(anonymous_0)
FNDA:1,(anonymous_1)
FNDA:5,(anonymous_2)
FNDA:1,(anonymous_3)
DA:4,1
DA:5,3
DA:6,1
DA:8,2
DA:9,1
DA:11,1
DA:16,1
DA:21,1
DA:22,1
DA:23,1
DA:25,0
DA:29,1
DA:30,1
DA:31,1
DA:32,1
DA:33,1
DA:34,1
DA:50,0
DA:52,0
DA:54,0
DA:60,0
DA:64,0
DA:70,1
DA:74,1
DA:75,5
DA:76,5
DA:78,0
DA:79,0
DA:80,0
DA:82,0
DA:86,1
DA:87,1
DA:88,1
DA:90,0
DA:91,0
DA:103,0
DA:105,0
LF:37
LH:23
BRDA:5,0,0,1
BRDA:5,0,1,2
BRDA:8,1,0,1
BRDA:8,1,1,1
BRDA:8,2,0,2
BRDA:8,2,1,1
BRDA:31,3,0,1
BRDA:31,3,1,1
BRDA:32,4,0,1
BRDA:32,4,1,0
BRDA:33,5,0,1
BRDA:33,5,1,0
BRDA:35,6,0,1
BRDA:35,6,1,1
BRDA:36,7,0,1
BRDA:36,7,1,1
BRDA:37,8,0,1
BRDA:37,8,1,0
BRDA:38,9,0,1
BRDA:38,9,1,0
BRDA:39,10,0,1
BRDA:39,10,1,0
BRDA:75,11,0,5
BRDA:75,11,1,0
BRDA:75,12,0,5
BRDA:75,12,1,3
BRDA:87,13,0,1
BRDA:87,13,1,0
BRDA:87,14,0,1
BRDA:87,14,1,0
BRF:30
BRH:22
end_of_record
TN:
SF:models\comment.model.js
FNF:0
FNH:0
DA:3,1
DA:29,1
LF:2
LH:2
BRF:0
BRH:0
end_of_record
TN:
SF:models\post.model.js
FNF:0
FNH:0
DA:3,1
DA:32,1
LF:2
LH:2
BRF:0
BRH:0
end_of_record
TN:
SF:utils\error.js
FN:1,(anonymous_0)
FNF:1
FNH:1
FNDA:23,(anonymous_0)
DA:1,2
DA:2,23
DA:3,23
DA:4,23
DA:5,23
LF:5
LH:5
BRF:0
BRH:0
end_of_record
