TN:
SF:index.js
FN:15,(anonymous_0)
FN:17,(anonymous_1)
FN:34,(anonymous_2)
FN:44,(anonymous_3)
FNF:4
FNH:3
FNDA:1,(anonymous_0)
FNDA:0,(anonymous_1)
FNDA:1,(anonymous_2)
FNDA:3,(anonymous_3)
DA:8,1
DA:13,1
DA:16,1
DA:18,0
DA:21,1
DA:23,1
DA:29,1
DA:31,1
DA:32,1
DA:34,1
DA:35,1
DA:40,1
DA:44,1
DA:45,3
DA:46,3
DA:47,3
LF:16
LH:15
BRDA:45,0,0,3
BRDA:45,0,1,0
BRDA:46,1,0,3
BRDA:46,1,1,0
BRF:4
BRH:2
end_of_record
TN:
SF:controllers\auth.controller.js
FN:7,(anonymous_0)
FN:53,(anonymous_1)
FN:82,(anonymous_2)
FNF:3
FNH:3
FNDA:2,(anonymous_0)
FNDA:3,(anonymous_1)
FNDA:1,(anonymous_2)
DA:7,1
DA:8,2
DA:10,2
DA:11,1
DA:14,1
DA:15,1
DA:16,1
DA:17,0
DA:20,1
DA:21,1
DA:27,1
DA:29,1
DA:34,1
DA:35,1
DA:37,1
DA:41,0
DA:42,0
DA:43,0
DA:45,0
DA:46,0
DA:49,0
DA:53,1
DA:54,3
DA:56,3
DA:57,0
DA:59,3
DA:60,3
DA:61,3
DA:62,1
DA:64,2
DA:65,2
DA:66,1
DA:68,1
DA:73,1
DA:74,1
DA:76,1
DA:78,0
DA:82,1
DA:83,1
DA:84,1
DA:85,1
DA:86,1
DA:87,0
DA:88,0
DA:89,0
DA:90,0
DA:93,1
DA:95,1
DA:96,1
DA:102,1
DA:103,1
DA:104,1
DA:105,1
DA:106,1
DA:109,0
LF:55
LH:41
BRDA:10,0,0,1
BRDA:10,0,1,1
BRDA:10,1,0,2
BRDA:10,1,1,2
BRDA:10,1,2,1
BRDA:16,2,0,0
BRDA:16,2,1,1
BRDA:41,3,0,0
BRDA:41,3,1,0
BRDA:42,4,0,0
BRDA:42,4,1,0
BRDA:45,5,0,0
BRDA:45,5,1,0
BRDA:56,6,0,0
BRDA:56,6,1,3
BRDA:56,7,0,3
BRDA:56,7,1,3
BRDA:56,7,2,3
BRDA:56,7,3,3
BRDA:61,8,0,1
BRDA:61,8,1,2
BRDA:65,9,0,1
BRDA:65,9,1,1
BRDA:86,10,0,0
BRDA:86,10,1,1
BRF:25
BRH:16
end_of_record
TN:
SF:models\user.model.js
FNF:0
FNH:0
DA:4,1
DA:31,1
LF:2
LH:2
BRF:0
BRH:0
end_of_record
TN:
SF:routes\auth.route.js
FNF:0
FNH:0
DA:6,1
DA:8,1
DA:9,1
DA:10,1
LF:4
LH:4
BRF:0
BRH:0
end_of_record
TN:
SF:utils\error.js
FN:1,(anonymous_0)
FNF:1
FNH:1
FNDA:3,(anonymous_0)
DA:1,1
DA:2,3
DA:3,3
DA:4,3
DA:5,3
LF:5
LH:5
BRF:0
BRH:0
end_of_record
