{"C:\\Users\\onsbe\\Unittestmerge\\BlogMitDashboard\\api\\user\\index.js": {"path":"C:\\Users\\onsbe\\Unittestmerge\\BlogMitDashboard\\api\\user\\index.js","statementMap":{"0":{"start":{"line":8,"column":0},"end":{"line":8,"column":16}},"1":{"start":{"line":13,"column":0},"end":{"line":19,"column":3}},"2":{"start":{"line":16,"column":2},"end":{"line":16,"column":33}},"3":{"start":{"line":18,"column":2},"end":{"line":18,"column":19}},"4":{"start":{"line":21,"column":12},"end":{"line":21,"column":21}},"5":{"start":{"line":23,"column":20},"end":{"line":28,"column":1}},"6":{"start":{"line":29,"column":0},"end":{"line":29,"column":27}},"7":{"start":{"line":31,"column":0},"end":{"line":31,"column":24}},"8":{"start":{"line":32,"column":0},"end":{"line":32,"column":24}},"9":{"start":{"line":34,"column":15},"end":{"line":36,"column":2}},"10":{"start":{"line":35,"column":2},"end":{"line":35,"column":45}},"11":{"start":{"line":39,"column":0},"end":{"line":39,"column":33}},"12":{"start":{"line":42,"column":0},"end":{"line":50,"column":3}},"13":{"start":{"line":43,"column":21},"end":{"line":43,"column":44}},"14":{"start":{"line":44,"column":18},"end":{"line":44,"column":58}},"15":{"start":{"line":45,"column":2},"end":{"line":49,"column":5}}},"fnMap":{"0":{"name":"(anonymous_0)","decl":{"start":{"line":15,"column":6},"end":{"line":15,"column":7}},"loc":{"start":{"line":15,"column":12},"end":{"line":17,"column":1}},"line":15},"1":{"name":"(anonymous_1)","decl":{"start":{"line":17,"column":9},"end":{"line":17,"column":10}},"loc":{"start":{"line":17,"column":18},"end":{"line":19,"column":1}},"line":17},"2":{"name":"(anonymous_2)","decl":{"start":{"line":34,"column":32},"end":{"line":34,"column":33}},"loc":{"start":{"line":34,"column":38},"end":{"line":36,"column":1}},"line":34},"3":{"name":"(anonymous_3)","decl":{"start":{"line":42,"column":8},"end":{"line":42,"column":9}},"loc":{"start":{"line":42,"column":35},"end":{"line":50,"column":1}},"line":42}},"branchMap":{"0":{"loc":{"start":{"line":43,"column":21},"end":{"line":43,"column":44}},"type":"binary-expr","locations":[{"start":{"line":43,"column":21},"end":{"line":43,"column":37}},{"start":{"line":43,"column":41},"end":{"line":43,"column":44}}],"line":43},"1":{"loc":{"start":{"line":44,"column":18},"end":{"line":44,"column":58}},"type":"binary-expr","locations":[{"start":{"line":44,"column":18},"end":{"line":44,"column":31}},{"start":{"line":44,"column":35},"end":{"line":44,"column":58}}],"line":44}},"s":{"0":1,"1":1,"2":1,"3":0,"4":1,"5":1,"6":1,"7":1,"8":1,"9":1,"10":1,"11":1,"12":1,"13":0,"14":0,"15":0},"f":{"0":1,"1":0,"2":1,"3":0},"b":{"0":[0,0],"1":[0,0]},"_coverageSchema":"1a1c01bbd47fc00a2c39e90264f33305004495a9","hash":"5d0b14871685861da013d81a4978256bac60c61a"}
,"C:\\Users\\onsbe\\Unittestmerge\\BlogMitDashboard\\api\\user\\controllers\\user.controller.js": {"path":"C:\\Users\\onsbe\\Unittestmerge\\BlogMitDashboard\\api\\user\\controllers\\user.controller.js","statementMap":{"0":{"start":{"line":6,"column":20},"end":{"line":8,"column":3}},"1":{"start":{"line":7,"column":2},"end":{"line":7,"column":41}},"2":{"start":{"line":10,"column":28},"end":{"line":51,"column":1}},"3":{"start":{"line":11,"column":4},"end":{"line":13,"column":5}},"4":{"start":{"line":12,"column":6},"end":{"line":12,"column":97}},"5":{"start":{"line":14,"column":4},"end":{"line":20,"column":5}},"6":{"start":{"line":15,"column":6},"end":{"line":18,"column":9}},"7":{"start":{"line":17,"column":10},"end":{"line":17,"column":93}},"8":{"start":{"line":19,"column":6},"end":{"line":19,"column":67}},"9":{"start":{"line":21,"column":4},"end":{"line":36,"column":3}},"10":{"start":{"line":22,"column":6},"end":{"line":25,"column":7}},"11":{"start":{"line":24,"column":8},"end":{"line":24,"column":112}},"12":{"start":{"line":26,"column":6},"end":{"line":29,"column":5}},"13":{"start":{"line":28,"column":8},"end":{"line":28,"column":92}},"14":{"start":{"line":30,"column":4},"end":{"line":32,"column":5}},"15":{"start":{"line":31,"column":6},"end":{"line":31,"column":87}},"16":{"start":{"line":33,"column":4},"end":{"line":35,"column":5}},"17":{"start":{"line":34,"column":6},"end":{"line":34,"column":98}},"18":{"start":{"line":37,"column":4},"end":{"line":50,"column":5}},"19":{"start":{"line":38,"column":26},"end":{"line":45,"column":22}},"20":{"start":{"line":46,"column":36},"end":{"line":46,"column":52}},"21":{"start":{"line":47,"column":8},"end":{"line":47,"column":35}},"22":{"start":{"line":49,"column":6},"end":{"line":49,"column":16}},"23":{"start":{"line":53,"column":26},"end":{"line":63,"column":1}},"24":{"start":{"line":54,"column":2},"end":{"line":56,"column":3}},"25":{"start":{"line":55,"column":4},"end":{"line":55,"column":90}},"26":{"start":{"line":57,"column":2},"end":{"line":62,"column":3}},"27":{"start":{"line":58,"column":4},"end":{"line":58,"column":52}},"28":{"start":{"line":59,"column":4},"end":{"line":59,"column":52}},"29":{"start":{"line":61,"column":4},"end":{"line":61,"column":14}},"30":{"start":{"line":65,"column":23},"end":{"line":73,"column":1}},"31":{"start":{"line":66,"column":2},"end":{"line":72,"column":3}},"32":{"start":{"line":67,"column":18},"end":{"line":67,"column":22}},"33":{"start":{"line":68,"column":20},"end":{"line":68,"column":63}},"34":{"start":{"line":69,"column":4},"end":{"line":69,"column":45}},"35":{"start":{"line":71,"column":4},"end":{"line":71,"column":16}},"36":{"start":{"line":75,"column":24},"end":{"line":119,"column":1}},"37":{"start":{"line":76,"column":2},"end":{"line":78,"column":3}},"38":{"start":{"line":77,"column":4},"end":{"line":77,"column":85}},"39":{"start":{"line":79,"column":4},"end":{"line":118,"column":3}},"40":{"start":{"line":80,"column":25},"end":{"line":80,"column":60}},"41":{"start":{"line":81,"column":20},"end":{"line":81,"column":50}},"42":{"start":{"line":82,"column":28},"end":{"line":82,"column":61}},"43":{"start":{"line":84,"column":20},"end":{"line":87,"column":19}},"44":{"start":{"line":89,"column":35},"end":{"line":92,"column":8}},"45":{"start":{"line":90,"column":38},"end":{"line":90,"column":47}},"46":{"start":{"line":91,"column":8},"end":{"line":91,"column":20}},"47":{"start":{"line":94,"column":25},"end":{"line":94,"column":52}},"48":{"start":{"line":96,"column":18},"end":{"line":96,"column":28}},"49":{"start":{"line":98,"column":26},"end":{"line":102,"column":7}},"50":{"start":{"line":104,"column":29},"end":{"line":108,"column":8}},"51":{"start":{"line":110,"column":6},"end":{"line":114,"column":9}},"52":{"start":{"line":117,"column":4},"end":{"line":117,"column":16}},"53":{"start":{"line":121,"column":23},"end":{"line":132,"column":1}},"54":{"start":{"line":122,"column":2},"end":{"line":131,"column":3}},"55":{"start":{"line":123,"column":17},"end":{"line":123,"column":55}},"56":{"start":{"line":124,"column":4},"end":{"line":126,"column":5}},"57":{"start":{"line":125,"column":6},"end":{"line":125,"column":64}},"58":{"start":{"line":127,"column":34},"end":{"line":127,"column":43}},"59":{"start":{"line":128,"column":4},"end":{"line":128,"column":31}},"60":{"start":{"line":130,"column":4},"end":{"line":130,"column":16}}},"fnMap":{"0":{"name":"(anonymous_0)","decl":{"start":{"line":6,"column":20},"end":{"line":6,"column":21}},"loc":{"start":{"line":6,"column":34},"end":{"line":8,"column":3}},"line":6},"1":{"name":"(anonymous_1)","decl":{"start":{"line":10,"column":28},"end":{"line":10,"column":29}},"loc":{"start":{"line":10,"column":54},"end":{"line":51,"column":1}},"line":10},"2":{"name":"(anonymous_2)","decl":{"start":{"line":53,"column":26},"end":{"line":53,"column":27}},"loc":{"start":{"line":53,"column":52},"end":{"line":63,"column":1}},"line":53},"3":{"name":"(anonymous_3)","decl":{"start":{"line":65,"column":23},"end":{"line":65,"column":24}},"loc":{"start":{"line":65,"column":43},"end":{"line":73,"column":1}},"line":65},"4":{"name":"(anonymous_4)","decl":{"start":{"line":75,"column":24},"end":{"line":75,"column":25}},"loc":{"start":{"line":75,"column":50},"end":{"line":119,"column":1}},"line":75},"5":{"name":"(anonymous_5)","decl":{"start":{"line":89,"column":45},"end":{"line":89,"column":46}},"loc":{"start":{"line":89,"column":55},"end":{"line":92,"column":7}},"line":89},"6":{"name":"(anonymous_6)","decl":{"start":{"line":121,"column":23},"end":{"line":121,"column":24}},"loc":{"start":{"line":121,"column":49},"end":{"line":132,"column":1}},"line":121}},"branchMap":{"0":{"loc":{"start":{"line":11,"column":4},"end":{"line":13,"column":5}},"type":"if","locations":[{"start":{"line":11,"column":4},"end":{"line":13,"column":5}},{"start":{},"end":{}}],"line":11},"1":{"loc":{"start":{"line":14,"column":4},"end":{"line":20,"column":5}},"type":"if","locations":[{"start":{"line":14,"column":4},"end":{"line":20,"column":5}},{"start":{},"end":{}}],"line":14},"2":{"loc":{"start":{"line":15,"column":6},"end":{"line":18,"column":9}},"type":"if","locations":[{"start":{"line":15,"column":6},"end":{"line":18,"column":9}},{"start":{},"end":{}}],"line":15},"3":{"loc":{"start":{"line":21,"column":4},"end":{"line":36,"column":3}},"type":"if","locations":[{"start":{"line":21,"column":4},"end":{"line":36,"column":3}},{"start":{},"end":{}}],"line":21},"4":{"loc":{"start":{"line":22,"column":6},"end":{"line":25,"column":7}},"type":"if","locations":[{"start":{"line":22,"column":6},"end":{"line":25,"column":7}},{"start":{},"end":{}}],"line":22},"5":{"loc":{"start":{"line":23,"column":8},"end":{"line":23,"column":69}},"type":"binary-expr","locations":[{"start":{"line":23,"column":8},"end":{"line":23,"column":36}},{"start":{"line":23,"column":40},"end":{"line":23,"column":69}}],"line":23},"6":{"loc":{"start":{"line":26,"column":6},"end":{"line":29,"column":5}},"type":"if","locations":[{"start":{"line":26,"column":6},"end":{"line":29,"column":5}},{"start":{},"end":{}}],"line":26},"7":{"loc":{"start":{"line":30,"column":4},"end":{"line":32,"column":5}},"type":"if","locations":[{"start":{"line":30,"column":4},"end":{"line":32,"column":5}},{"start":{},"end":{}}],"line":30},"8":{"loc":{"start":{"line":33,"column":4},"end":{"line":35,"column":5}},"type":"if","locations":[{"start":{"line":33,"column":4},"end":{"line":35,"column":5}},{"start":{},"end":{}}],"line":33},"9":{"loc":{"start":{"line":54,"column":2},"end":{"line":56,"column":3}},"type":"if","locations":[{"start":{"line":54,"column":2},"end":{"line":56,"column":3}},{"start":{},"end":{}}],"line":54},"10":{"loc":{"start":{"line":54,"column":6},"end":{"line":54,"column":60}},"type":"binary-expr","locations":[{"start":{"line":54,"column":6},"end":{"line":54,"column":23}},{"start":{"line":54,"column":27},"end":{"line":54,"column":60}}],"line":54},"11":{"loc":{"start":{"line":76,"column":2},"end":{"line":78,"column":3}},"type":"if","locations":[{"start":{"line":76,"column":2},"end":{"line":78,"column":3}},{"start":{},"end":{}}],"line":76},"12":{"loc":{"start":{"line":80,"column":25},"end":{"line":80,"column":60}},"type":"binary-expr","locations":[{"start":{"line":80,"column":25},"end":{"line":80,"column":55}},{"start":{"line":80,"column":59},"end":{"line":80,"column":60}}],"line":80},"13":{"loc":{"start":{"line":81,"column":20},"end":{"line":81,"column":50}},"type":"binary-expr","locations":[{"start":{"line":81,"column":20},"end":{"line":81,"column":45}},{"start":{"line":81,"column":49},"end":{"line":81,"column":50}}],"line":81},"14":{"loc":{"start":{"line":82,"column":28},"end":{"line":82,"column":61}},"type":"cond-expr","locations":[{"start":{"line":82,"column":55},"end":{"line":82,"column":56}},{"start":{"line":82,"column":59},"end":{"line":82,"column":61}}],"line":82},"15":{"loc":{"start":{"line":124,"column":4},"end":{"line":126,"column":5}},"type":"if","locations":[{"start":{"line":124,"column":4},"end":{"line":126,"column":5}},{"start":{},"end":{}}],"line":124}},"s":{"0":1,"1":1,"2":1,"3":7,"4":1,"5":6,"6":2,"7":1,"8":1,"9":5,"10":5,"11":1,"12":4,"13":1,"14":3,"15":1,"16":2,"17":1,"18":1,"19":1,"20":1,"21":1,"22":0,"23":1,"24":2,"25":1,"26":1,"27":1,"28":1,"29":0,"30":1,"31":1,"32":1,"33":1,"34":1,"35":0,"36":1,"37":3,"38":1,"39":2,"40":2,"41":2,"42":2,"43":2,"44":0,"45":0,"46":0,"47":0,"48":0,"49":0,"50":0,"51":0,"52":2,"53":1,"54":2,"55":2,"56":2,"57":1,"58":1,"59":1,"60":0},"f":{"0":1,"1":7,"2":2,"3":1,"4":3,"5":0,"6":2},"b":{"0":[1,6],"1":[2,4],"2":[1,1],"3":[5,0],"4":[1,4],"5":[5,4],"6":[1,3],"7":[1,2],"8":[1,1],"9":[1,1],"10":[2,1],"11":[1,2],"12":[2,1],"13":[2,1],"14":[1,1],"15":[1,1]},"_coverageSchema":"1a1c01bbd47fc00a2c39e90264f33305004495a9","hash":"e2d511f8435ce2c10240b8df3a7016c28f534654"}
,"C:\\Users\\onsbe\\Unittestmerge\\BlogMitDashboard\\api\\user\\routes\\user.route.js": {"path":"C:\\Users\\onsbe\\Unittestmerge\\BlogMitDashboard\\api\\user\\routes\\user.route.js","statementMap":{"0":{"start":{"line":5,"column":15},"end":{"line":5,"column":31}},"1":{"start":{"line":7,"column":0},"end":{"line":7,"column":27}},"2":{"start":{"line":8,"column":0},"end":{"line":8,"column":55}},"3":{"start":{"line":9,"column":0},"end":{"line":9,"column":58}},"4":{"start":{"line":10,"column":0},"end":{"line":10,"column":33}},"5":{"start":{"line":11,"column":0},"end":{"line":11,"column":48}},"6":{"start":{"line":12,"column":0},"end":{"line":12,"column":31}}},"fnMap":{},"branchMap":{},"s":{"0":1,"1":1,"2":1,"3":1,"4":1,"5":1,"6":1},"f":{},"b":{},"_coverageSchema":"1a1c01bbd47fc00a2c39e90264f33305004495a9","hash":"a7a99d31360c2d68ac04bb231bc4d447281c16c4"}
,"C:\\Users\\onsbe\\Unittestmerge\\BlogMitDashboard\\api\\user\\utils\\error.js": {"path":"C:\\Users\\onsbe\\Unittestmerge\\BlogMitDashboard\\api\\user\\utils\\error.js","statementMap":{"0":{"start":{"line":1,"column":28},"end":{"line":6,"column":3}},"1":{"start":{"line":2,"column":17},"end":{"line":2,"column":28}},"2":{"start":{"line":3,"column":4},"end":{"line":3,"column":34}},"3":{"start":{"line":4,"column":4},"end":{"line":4,"column":28}},"4":{"start":{"line":5,"column":4},"end":{"line":5,"column":17}}},"fnMap":{"0":{"name":"(anonymous_0)","decl":{"start":{"line":1,"column":28},"end":{"line":1,"column":29}},"loc":{"start":{"line":1,"column":53},"end":{"line":6,"column":3}},"line":1}},"branchMap":{},"s":{"0":1,"1":11,"2":11,"3":11,"4":11},"f":{"0":11},"b":{},"_coverageSchema":"1a1c01bbd47fc00a2c39e90264f33305004495a9","hash":"02742d7e685fbbf08d6af31ecf18923ab3ac606a"}
,"C:\\Users\\onsbe\\Unittestmerge\\BlogMitDashboard\\api\\user\\utils\\verifyUser.js": {"path":"C:\\Users\\onsbe\\Unittestmerge\\BlogMitDashboard\\api\\user\\utils\\verifyUser.js","statementMap":{"0":{"start":{"line":3,"column":27},"end":{"line":21,"column":1}},"1":{"start":{"line":5,"column":2},"end":{"line":10,"column":3}},"2":{"start":{"line":7,"column":4},"end":{"line":7,"column":52}},"3":{"start":{"line":11,"column":2},"end":{"line":13,"column":3}},"4":{"start":{"line":12,"column":4},"end":{"line":12,"column":51}},"5":{"start":{"line":14,"column":2},"end":{"line":20,"column":5}},"6":{"start":{"line":15,"column":4},"end":{"line":17,"column":5}},"7":{"start":{"line":16,"column":6},"end":{"line":16,"column":53}},"8":{"start":{"line":18,"column":4},"end":{"line":18,"column":20}},"9":{"start":{"line":19,"column":4},"end":{"line":19,"column":11}}},"fnMap":{"0":{"name":"(anonymous_0)","decl":{"start":{"line":3,"column":27},"end":{"line":3,"column":28}},"loc":{"start":{"line":3,"column":47},"end":{"line":21,"column":1}},"line":3},"1":{"name":"(anonymous_1)","decl":{"start":{"line":14,"column":44},"end":{"line":14,"column":45}},"loc":{"start":{"line":14,"column":59},"end":{"line":20,"column":3}},"line":14}},"branchMap":{"0":{"loc":{"start":{"line":5,"column":2},"end":{"line":10,"column":3}},"type":"if","locations":[{"start":{"line":5,"column":2},"end":{"line":10,"column":3}},{"start":{},"end":{}}],"line":5},"1":{"loc":{"start":{"line":5,"column":7},"end":{"line":5,"column":82}},"type":"binary-expr","locations":[{"start":{"line":5,"column":7},"end":{"line":5,"column":32}},{"start":{"line":5,"column":36},"end":{"line":5,"column":82}}],"line":5},"2":{"loc":{"start":{"line":11,"column":2},"end":{"line":13,"column":3}},"type":"if","locations":[{"start":{"line":11,"column":2},"end":{"line":13,"column":3}},{"start":{},"end":{}}],"line":11},"3":{"loc":{"start":{"line":15,"column":4},"end":{"line":17,"column":5}},"type":"if","locations":[{"start":{"line":15,"column":4},"end":{"line":17,"column":5}},{"start":{},"end":{}}],"line":15}},"s":{"0":1,"1":3,"2":2,"3":3,"4":1,"5":2,"6":2,"7":1,"8":1,"9":1},"f":{"0":3,"1":2},"b":{"0":[2,1],"1":[3,2],"2":[1,2],"3":[1,1]},"_coverageSchema":"1a1c01bbd47fc00a2c39e90264f33305004495a9","hash":"65f2cc8a14c649cc309b5e0a2ad4a76ce502300b"}
}
